<?xml version="1.0" encoding="UTF-8"?>
<!-- Generated by org.testng.reporters.JUnitReportReporter -->
<testsuite hostname="DESKTOP-DN1M6R1" failures="0" tests="4" name="test.UserTests" time="9.041" errors="0" timestamp="2024-10-10T00:34:43 IST" skipped="0">
  <testcase classname="test.UserTests" name="postUser" time="2.934"/>
  <system-out/>
  <testcase classname="test.UserTests" name="testGetUserByName" time="1.543"/>
  <system-out/>
  <testcase classname="test.UserTests" name="testUpdateUserByName" time="3.029"/>
  <system-out/>
  <testcase classname="test.UserTests" name="testDeleteUserByName" time="1.535"/>
  <system-out/>
</testsuite> <!-- test.UserTests -->
