<?xml version="1.0" encoding="UTF-8"?>
<!-- Generated by org.testng.reporters.JUnitReportReporter -->
<testsuite hostname="DESKTOP-DN1M6R1" failures="0" tests="4" name="test.TestUsingPropFile" time="8.747" errors="0" timestamp="2024-10-10T00:53:22 IST" skipped="0">
  <testcase classname="test.TestUsingPropFile" name="postUser" time="2.843"/>
  <system-out/>
  <testcase classname="test.TestUsingPropFile" name="testGetUserByName" time="1.537"/>
  <system-out/>
  <testcase classname="test.TestUsingPropFile" name="testUpdateUserByName" time="3.038"/>
  <system-out/>
  <testcase classname="test.TestUsingPropFile" name="testDeleteUserByName" time="1.329"/>
  <system-out/>
</testsuite> <!-- test.TestUsingPropFile -->
