<?xml version="1.0" encoding="UTF-8"?>
<!-- Generated by org.testng.reporters.JUnitReportReporter -->
<testsuite hostname="DESKTOP-DN1M6R1" failures="0" tests="6" name="test.DataDrivenTest" time="10.507" errors="0" timestamp="2024-10-10T00:54:26 IST" skipped="0">
  <testcase classname="test.DataDrivenTest" name="testPostuser" time="1.514"/>
  <system-out>
    <![CDATA[User created and logged successfully]]>
  </system-out>
  <testcase classname="test.DataDrivenTest" name="testPostuser" time="1.534"/>
  <system-out>
    <![CDATA[User created and logged successfully]]>
  </system-out>
  <testcase classname="test.DataDrivenTest" name="testPostuser" time="2.920"/>
  <system-out>
    <![CDATA[User created and logged successfully]]>
  </system-out>
  <testcase classname="test.DataDrivenTest" name="testDeleteUsewr" time="1.432"/>
  <system-out/>
  <testcase classname="test.DataDrivenTest" name="testDeleteUsewr" time="1.535"/>
  <system-out/>
  <testcase classname="test.DataDrivenTest" name="testDeleteUsewr" time="1.572"/>
  <system-out/>
</testsuite> <!-- test.DataDrivenTest -->
