<?xml version="1.0" encoding="UTF-8"?>
<!-- Generated by org.testng.reporters.JUnitReportReporter -->
<testsuite hostname="DESKTOP-DN1M6R1" failures="0" tests="6" name="test.DataDrivenTest" time="10.711" errors="0" timestamp="2024-10-10T15:35:12 IST" skipped="0">
  <testcase classname="test.DataDrivenTest" name="testPostuser" time="1.500"/>
  <system-out>
    <![CDATA[User created and logged successfully]]>
  </system-out>
  <testcase classname="test.DataDrivenTest" name="testPostuser" time="1.534"/>
  <system-out>
    <![CDATA[User created and logged successfully]]>
  </system-out>
  <testcase classname="test.DataDrivenTest" name="testPostuser" time="3.040"/>
  <system-out>
    <![CDATA[User created and logged successfully]]>
  </system-out>
  <testcase classname="test.DataDrivenTest" name="testDeleteUsewr" time="1.566"/>
  <system-out/>
  <testcase classname="test.DataDrivenTest" name="testDeleteUsewr" time="1.535"/>
  <system-out/>
  <testcase classname="test.DataDrivenTest" name="testDeleteUsewr" time="1.536"/>
  <system-out/>
</testsuite> <!-- test.DataDrivenTest -->
