<?xml version="1.0" encoding="UTF-8"?>
<!-- Generated by org.testng.reporters.JUnitReportReporter -->
<testsuite hostname="DESKTOP-DN1M6R1" failures="0" tests="4" name="test.TestUsingPropFile" time="7.431" errors="0" timestamp="2024-10-10T15:35:12 IST" skipped="0">
  <testcase classname="test.TestUsingPropFile" name="postUser" time="1.494"/>
  <system-out/>
  <testcase classname="test.TestUsingPropFile" name="testGetUserByName" time="1.572"/>
  <system-out/>
  <testcase classname="test.TestUsingPropFile" name="testUpdateUserByName" time="2.832"/>
  <system-out/>
  <testcase classname="test.TestUsingPropFile" name="testDeleteUserByName" time="1.533"/>
  <system-out/>
</testsuite> <!-- test.TestUsingPropFile -->
