<?xml version="1.0" encoding="UTF-8"?>
<!-- Generated by org.testng.reporters.JUnitReportReporter -->
<testsuite hostname="DESKTOP-DN1M6R1" failures="0" tests="4" name="test.UserTests" time="7.236" errors="0" timestamp="2024-10-10T15:35:12 IST" skipped="0">
  <testcase classname="test.UserTests" name="postUser" time="1.403"/>
  <system-out/>
  <testcase classname="test.UserTests" name="testGetUserByName" time="1.535"/>
  <system-out/>
  <testcase classname="test.UserTests" name="testUpdateUserByName" time="2.790"/>
  <system-out/>
  <testcase classname="test.UserTests" name="testDeleteUserByName" time="1.508"/>
  <system-out/>
</testsuite> <!-- test.UserTests -->
